 INFO 2023-01-27 11:46:34,509 [tiles.access.TilesAccess.setContainer] Removing TilesContext for context: org.springframework.web.servlet.view.tiles3.SpringWildcardServletTilesApplicationContext
 INFO 2023-01-27 11:46:43,215 [web.servlet.FrameworkServlet.initServletBean] Initializing Servlet 'dispatcherServlet'
 INFO 2023-01-27 11:46:48,432 [tiles.access.TilesAccess.setContainer] Publishing TilesContext for context: org.springframework.web.servlet.view.tiles3.SpringWildcardServletTilesApplicationContext
 INFO 2023-01-27 11:46:48,524 [scheduling.annotation.ScheduledAnnotationBeanPostProcessor.finishRegistration] No TaskScheduler/ScheduledExecutorService bean found for scheduled processing
 INFO 2023-01-27 11:46:48,563 [web.servlet.FrameworkServlet.initServletBean] Completed initialization in 5335 ms
 INFO 2023-01-27 11:46:48,826 [framework.aop.ControllerAdvice.around] 요청 처리시간: 179
 INFO 2023-01-27 11:46:48,827 [framework.aop.ControllerAdvice.around] com.PageController.root(HttpServletRequest,HttpServletResponse)/127.0.0.1/{}
 INFO 2023-01-27 11:46:54,582 [framework.interceptor.RequestInterceptor.preHandle] ##################################RequestInterceptor 요청 URI: /common/ckUploadImage.do
 INFO 2023-01-27 11:46:55,439 [sf.log4jdbc.Slf4jSpyLogDelegator.connectionOpened] 1. Connection opened
 INFO 2023-01-27 11:46:55,561 [log4jdbc.tools.Log4JdbcCustomFormatter.sqlOccured] SQL : INSERT 
		  INTO TB_LOG_REQ			/*테이블_요청로그*/
		     (
		       REQ_SEQ				/*요청일련번호*/
		     , USER_ID				/*사용자아이디*/
		     , USER_IP				/*사용자아이피*/
		     , REQ_URI				/*요청경로*/
		     , REQ_PARAM			/*요청파라미터*/
		     , REQ_TYPE_CODE 		/*요청타입코드*/
		     )
		VALUES
			 (
			   (SELECT nextval('REQ_SEQ') FROM DUAL)	/*요청일련번호*/
			 , 'admin'						/*사용자아이디*/
			 , '192.168.8.205'						/*사용자아이디*/
			 , '/common/ckUploadImage.do'								/*요청경로*/
			 , '{}'								/*요청파라미터*/
		     , 'common' 							/*요청타입코드*/
			 )
 INFO 2023-01-27 11:46:55,610 [sf.log4jdbc.Slf4jSpyLogDelegator.sqlTimingOccured] INSERT INTO TB_LOG_REQ /*테이블_요청로그*/ ( REQ_SEQ /*요청일련번호*/ , USER_ID /*사용자아이디*/ , USER_IP /*사용자아이피*/ 
, REQ_URI /*요청경로*/ , REQ_PARAM /*요청파라미터*/ , REQ_TYPE_CODE /*요청타입코드*/ ) VALUES ( (SELECT nextval('REQ_SEQ') 
FROM DUAL) /*요청일련번호*/ , 'admin' /*사용자아이디*/ , '192.168.8.205' /*사용자아이디*/ , '/common/ckUploadImage.do' 
/*요청경로*/ , '{}' /*요청파라미터*/ , 'common' /*요청타입코드*/ )  {executed in 49 msec}
 INFO 2023-01-27 11:46:55,659 [sf.log4jdbc.Slf4jSpyLogDelegator.connectionClosed] 1. Connection closed
 INFO 2023-01-27 11:46:58,575 [controller.com.ScheduleController.scheduleSample] 스케줄러 실행 확인
 INFO 2023-01-27 11:46:58,576 [framework.aop.ControllerAdvice.around] 요청 처리시간: 17
 INFO 2023-01-27 11:46:58,577 [framework.aop.ControllerAdvice.around] com.ScheduleController.scheduleSample()/request not found
