 INFO 2023-01-26 02:15:21,603 [framework.interceptor.RequestInterceptor.preHandle] ##################################RequestInterceptor 요청 URI: /info/notice
 INFO 2023-01-26 02:15:22,334 [sf.log4jdbc.Slf4jSpyLogDelegator.connectionOpened] 34. Connection opened
 INFO 2023-01-26 02:15:22,375 [log4jdbc.tools.Log4JdbcCustomFormatter.sqlOccured] SQL : INSERT 
		  INTO TB_LOG_REQ			/*테이블_요청로그*/
		     (
		       REQ_SEQ				/*요청일련번호*/
		     , USER_ID				/*사용자아이디*/
		     , USER_IP				/*사용자아이피*/
		     , REQ_URI				/*요청경로*/
		     , REQ_PARAM			/*요청파라미터*/
		     , REQ_TYPE_CODE 		/*요청타입코드*/
		     )
		VALUES
			 (
			   (SELECT nextval('REQ_SEQ') FROM DUAL)	/*요청일련번호*/
			 , 'admin'						/*사용자아이디*/
			 , '192.168.8.205'						/*사용자아이디*/
			 , '/info/notice'								/*요청경로*/
			 , '{}'								/*요청파라미터*/
		     , 'info' 							/*요청타입코드*/
			 )
 INFO 2023-01-26 02:15:22,475 [sf.log4jdbc.Slf4jSpyLogDelegator.sqlTimingOccured] INSERT INTO TB_LOG_REQ /*테이블_요청로그*/ ( REQ_SEQ /*요청일련번호*/ , USER_ID /*사용자아이디*/ , USER_IP /*사용자아이피*/ 
, REQ_URI /*요청경로*/ , REQ_PARAM /*요청파라미터*/ , REQ_TYPE_CODE /*요청타입코드*/ ) VALUES ( (SELECT nextval('REQ_SEQ') 
FROM DUAL) /*요청일련번호*/ , 'admin' /*사용자아이디*/ , '192.168.8.205' /*사용자아이디*/ , '/info/notice' /*요청경로*/ 
, '{}' /*요청파라미터*/ , 'info' /*요청타입코드*/ )  {executed in 91 msec}
 INFO 2023-01-26 02:15:22,554 [sf.log4jdbc.Slf4jSpyLogDelegator.connectionClosed] 34. Connection closed
 INFO 2023-01-26 02:15:22,945 [sf.log4jdbc.Slf4jSpyLogDelegator.connectionOpened] 35. Connection opened
 INFO 2023-01-26 02:15:23,082 [sf.log4jdbc.Slf4jSpyLogDelegator.connectionClosed] 35. Connection closed
 INFO 2023-01-26 02:15:23,475 [sf.log4jdbc.Slf4jSpyLogDelegator.connectionOpened] 36. Connection opened
 INFO 2023-01-26 02:15:23,515 [log4jdbc.tools.Log4JdbcCustomFormatter.sqlOccured] SQL : SELECT T2.MNU_NM AS MNU_UPPER_NM				/*상위메뉴명*/
			,  T1.MNU_NM						/*메뉴명*/
			,  T1.MNU_INFO						/*메뉴정보*/
			,  T1.MNU_URL						/*메뉴경로*/
			,  T1.MNU_TOP_URL					/*최상위메뉴경로*/
		  FROM TB_MNU T1						/*테이블_메뉴*/
		  JOIN TB_MNU T2						/*테이블_메뉴*/
		    ON T1.MNU_UPPER_URL = T2.MNU_URL
		 WHERE T1.MNU_URL LIKE CONCAT('info/notice','%')
 INFO 2023-01-26 02:15:23,555 [sf.log4jdbc.Slf4jSpyLogDelegator.sqlTimingOccured] SELECT T2.MNU_NM AS MNU_UPPER_NM /*상위메뉴명*/ , T1.MNU_NM /*메뉴명*/ , T1.MNU_INFO /*메뉴정보*/ , T1.MNU_URL 
/*메뉴경로*/ , T1.MNU_TOP_URL /*최상위메뉴경로*/ FROM TB_MNU T1 /*테이블_메뉴*/ JOIN TB_MNU T2 /*테이블_메뉴*/ ON 
T1.MNU_UPPER_URL = T2.MNU_URL WHERE T1.MNU_URL LIKE CONCAT('info/notice','%')  {executed in 40 msec}
 INFO 2023-01-26 02:15:23,686 [sf.log4jdbc.Slf4jSpyLogDelegator.connectionClosed] 36. Connection closed
 INFO 2023-01-26 02:15:23,686 [framework.aop.ControllerAdvice.around] 요청 처리시간: 1131
 INFO 2023-01-26 02:15:23,687 [framework.aop.ControllerAdvice.around] com.PageController.pageController(HttpServletRequest,HttpServletResponse,String,String)/0:0:0:0:0:0:0:1/{}
 INFO 2023-01-26 02:15:25,393 [framework.interceptor.RequestInterceptor.preHandle] ##################################RequestInterceptor 요청 URI: /notice/selectNotice.do
 INFO 2023-01-26 02:15:25,786 [sf.log4jdbc.Slf4jSpyLogDelegator.connectionOpened] 37. Connection opened
 INFO 2023-01-26 02:15:25,865 [log4jdbc.tools.Log4JdbcCustomFormatter.sqlOccured] SQL : INSERT 
		  INTO TB_LOG_REQ			/*테이블_요청로그*/
		     (
		       REQ_SEQ				/*요청일련번호*/
		     , USER_ID				/*사용자아이디*/
		     , USER_IP				/*사용자아이피*/
		     , REQ_URI				/*요청경로*/
		     , REQ_PARAM			/*요청파라미터*/
		     , REQ_TYPE_CODE 		/*요청타입코드*/
		     )
		VALUES
			 (
			   (SELECT nextval('REQ_SEQ') FROM DUAL)	/*요청일련번호*/
			 , 'admin'						/*사용자아이디*/
			 , '192.168.8.205'						/*사용자아이디*/
			 , '/notice/selectNotice.do'								/*요청경로*/
			 , '{}'								/*요청파라미터*/
		     , 'notice' 							/*요청타입코드*/
			 )
 INFO 2023-01-26 02:15:26,695 [sf.log4jdbc.Slf4jSpyLogDelegator.sqlTimingOccured] INSERT INTO TB_LOG_REQ /*테이블_요청로그*/ ( REQ_SEQ /*요청일련번호*/ , USER_ID /*사용자아이디*/ , USER_IP /*사용자아이피*/ 
, REQ_URI /*요청경로*/ , REQ_PARAM /*요청파라미터*/ , REQ_TYPE_CODE /*요청타입코드*/ ) VALUES ( (SELECT nextval('REQ_SEQ') 
FROM DUAL) /*요청일련번호*/ , 'admin' /*사용자아이디*/ , '192.168.8.205' /*사용자아이디*/ , '/notice/selectNotice.do' 
/*요청경로*/ , '{}' /*요청파라미터*/ , 'notice' /*요청타입코드*/ )  {executed in 830 msec}
 INFO 2023-01-26 02:15:26,775 [sf.log4jdbc.Slf4jSpyLogDelegator.connectionClosed] 37. Connection closed
 INFO 2023-01-26 02:15:27,246 [sf.log4jdbc.Slf4jSpyLogDelegator.connectionOpened] 38. Connection opened
 INFO 2023-01-26 02:15:27,295 [log4jdbc.tools.Log4JdbcCustomFormatter.sqlOccured] SQL : SELECT BOARD_SEQ				/*게시글일련번호*/
		     , NOTICE_TITLE 			/*공지사항제목*/
		     , NOTICE_CN				/*공지사항내용*/
		     , NOTICE_STR_DT			/*공지사항게시시작일*/
		     , NOTICE_END_DT			/*공지사항게시종료일*/
		     , NOTICE_POP_YN			/*공지사항팝업여부*/
		     , NOTICE_CN				/*공지사항내용*/
		     , NOTICE_HIT				/*공지사항조회수*/
		     , FST_REG_ID 				/*최초등록자ID*/
		     , DATE_FORMAT(FST_REG_DTTI, "%Y/%m/%d %H:%i") FST_REG_DTTI	/*최초등록일시*/
		     , LT_UPD_ID 				/*최종수정자ID*/
		     , DATE_FORMAT(LT_UPD_DTTI, "%Y/%m/%d %H:%i") LT_UPD_DTTI	/*최종수정일시*/
		  FROM TB_BOARD_NOTICE			/*테이블_공지사항*/
		 ORDER BY NOTICE_STR_DT DESC;
 INFO 2023-01-26 02:15:27,359 [sf.log4jdbc.Slf4jSpyLogDelegator.sqlTimingOccured] SELECT BOARD_SEQ /*게시글일련번호*/ , NOTICE_TITLE /*공지사항제목*/ , NOTICE_CN /*공지사항내용*/ , NOTICE_STR_DT 
/*공지사항게시시작일*/ , NOTICE_END_DT /*공지사항게시종료일*/ , NOTICE_POP_YN /*공지사항팝업여부*/ , NOTICE_CN /*공지사항내용*/ 
, NOTICE_HIT /*공지사항조회수*/ , FST_REG_ID /*최초등록자ID*/ , DATE_FORMAT(FST_REG_DTTI, "%Y/%m/%d %H:%i") 
FST_REG_DTTI /*최초등록일시*/ , LT_UPD_ID /*최종수정자ID*/ , DATE_FORMAT(LT_UPD_DTTI, "%Y/%m/%d %H:%i") 
LT_UPD_DTTI /*최종수정일시*/ FROM TB_BOARD_NOTICE /*테이블_공지사항*/ ORDER BY NOTICE_STR_DT DESC;  {executed in 64 msec}
 INFO 2023-01-26 02:15:27,449 [sf.log4jdbc.Slf4jSpyLogDelegator.connectionClosed] 38. Connection closed
 INFO 2023-01-26 02:15:27,450 [framework.aop.ControllerAdvice.around] 요청 처리시간: 675
 INFO 2023-01-26 02:15:27,450 [framework.aop.ControllerAdvice.around] info.NoticeController.selectNotice(HttpServletRequest,HttpServletResponse)/0:0:0:0:0:0:0:1/{}
