 INFO 2023-01-27 09:55:03,904 [web.servlet.FrameworkServlet.initServletBean] Initializing Servlet 'dispatcherServlet'
 INFO 2023-01-27 09:55:08,984 [tiles.access.TilesAccess.setContainer] Publishing TilesContext for context: org.springframework.web.servlet.view.tiles3.SpringWildcardServletTilesApplicationContext
 INFO 2023-01-27 09:55:09,064 [scheduling.annotation.ScheduledAnnotationBeanPostProcessor.finishRegistration] No TaskScheduler/ScheduledExecutorService bean found for scheduled processing
 INFO 2023-01-27 09:55:09,101 [web.servlet.FrameworkServlet.initServletBean] Completed initialization in 5173 ms
 INFO 2023-01-27 09:55:09,378 [framework.aop.ControllerAdvice.around] 요청 처리시간: 193
 INFO 2023-01-27 09:55:09,379 [framework.aop.ControllerAdvice.around] com.PageController.root(HttpServletRequest,HttpServletResponse)/127.0.0.1/{}
 INFO 2023-01-27 09:55:13,937 [framework.interceptor.RequestInterceptor.preHandle] ##################################RequestInterceptor 요청 URI: /info/notice
 INFO 2023-01-27 09:55:15,167 [sf.log4jdbc.Slf4jSpyLogDelegator.connectionOpened] 1. Connection opened
 INFO 2023-01-27 09:55:15,360 [log4jdbc.tools.Log4JdbcCustomFormatter.sqlOccured] SQL : INSERT 
		  INTO TB_LOG_REQ			/*테이블_요청로그*/
		     (
		       REQ_SEQ				/*요청일련번호*/
		     , USER_ID				/*사용자아이디*/
		     , USER_IP				/*사용자아이피*/
		     , REQ_URI				/*요청경로*/
		     , REQ_PARAM			/*요청파라미터*/
		     , REQ_TYPE_CODE 		/*요청타입코드*/
		     )
		VALUES
			 (
			   (SELECT nextval('REQ_SEQ') FROM DUAL)	/*요청일련번호*/
			 , 'admin'						/*사용자아이디*/
			 , '192.168.8.205'						/*사용자아이디*/
			 , '/info/notice'								/*요청경로*/
			 , '{}'								/*요청파라미터*/
		     , 'info' 							/*요청타입코드*/
			 )
 INFO 2023-01-27 09:55:15,498 [sf.log4jdbc.Slf4jSpyLogDelegator.sqlTimingOccured] INSERT INTO TB_LOG_REQ /*테이블_요청로그*/ ( REQ_SEQ /*요청일련번호*/ , USER_ID /*사용자아이디*/ , USER_IP /*사용자아이피*/ 
, REQ_URI /*요청경로*/ , REQ_PARAM /*요청파라미터*/ , REQ_TYPE_CODE /*요청타입코드*/ ) VALUES ( (SELECT nextval('REQ_SEQ') 
FROM DUAL) /*요청일련번호*/ , 'admin' /*사용자아이디*/ , '192.168.8.205' /*사용자아이디*/ , '/info/notice' /*요청경로*/ 
, '{}' /*요청파라미터*/ , 'info' /*요청타입코드*/ )  {executed in 137 msec}
 INFO 2023-01-27 09:55:15,638 [sf.log4jdbc.Slf4jSpyLogDelegator.connectionClosed] 1. Connection closed
 INFO 2023-01-27 09:55:16,194 [sf.log4jdbc.Slf4jSpyLogDelegator.connectionOpened] 2. Connection opened
 INFO 2023-01-27 09:55:16,315 [sf.log4jdbc.Slf4jSpyLogDelegator.connectionClosed] 2. Connection closed
 INFO 2023-01-27 09:55:16,906 [sf.log4jdbc.Slf4jSpyLogDelegator.connectionOpened] 3. Connection opened
 INFO 2023-01-27 09:55:16,977 [log4jdbc.tools.Log4JdbcCustomFormatter.sqlOccured] SQL : SELECT T2.MNU_NM AS MNU_UPPER_NM				/*상위메뉴명*/
			,  T1.MNU_NM						/*메뉴명*/
			,  T1.MNU_INFO						/*메뉴정보*/
			,  T1.MNU_URL						/*메뉴경로*/
			,  T1.MNU_TOP_URL					/*최상위메뉴경로*/
		  FROM TB_MNU T1						/*테이블_메뉴*/
		  JOIN TB_MNU T2						/*테이블_메뉴*/
		    ON T1.MNU_UPPER_URL = T2.MNU_URL
		 WHERE T1.MNU_URL LIKE CONCAT('info/notice','%')
 INFO 2023-01-27 09:55:17,035 [sf.log4jdbc.Slf4jSpyLogDelegator.sqlTimingOccured] SELECT T2.MNU_NM AS MNU_UPPER_NM /*상위메뉴명*/ , T1.MNU_NM /*메뉴명*/ , T1.MNU_INFO /*메뉴정보*/ , T1.MNU_URL 
/*메뉴경로*/ , T1.MNU_TOP_URL /*최상위메뉴경로*/ FROM TB_MNU T1 /*테이블_메뉴*/ JOIN TB_MNU T2 /*테이블_메뉴*/ ON 
T1.MNU_UPPER_URL = T2.MNU_URL WHERE T1.MNU_URL LIKE CONCAT('info/notice','%')  {executed in 56 msec}
 INFO 2023-01-27 09:55:17,149 [sf.log4jdbc.Slf4jSpyLogDelegator.connectionClosed] 3. Connection closed
 INFO 2023-01-27 09:55:17,149 [framework.aop.ControllerAdvice.around] 요청 처리시간: 1493
 INFO 2023-01-27 09:55:17,149 [framework.aop.ControllerAdvice.around] com.PageController.pageController(HttpServletRequest,HttpServletResponse,String,String)/0:0:0:0:0:0:0:1/{}
 INFO 2023-01-27 09:55:18,937 [framework.interceptor.RequestInterceptor.preHandle] ##################################RequestInterceptor 요청 URI: /notice/selectNotice.do
 INFO 2023-01-27 09:55:19,105 [controller.com.ScheduleController.scheduleSample] 스케줄러 실행 확인
 INFO 2023-01-27 09:55:19,106 [framework.aop.ControllerAdvice.around] 요청 처리시간: 8
 INFO 2023-01-27 09:55:19,107 [framework.aop.ControllerAdvice.around] com.ScheduleController.scheduleSample()/request not found
 INFO 2023-01-27 09:55:19,856 [sf.log4jdbc.Slf4jSpyLogDelegator.connectionOpened] 4. Connection opened
 INFO 2023-01-27 09:55:19,901 [log4jdbc.tools.Log4JdbcCustomFormatter.sqlOccured] SQL : INSERT 
		  INTO TB_LOG_REQ			/*테이블_요청로그*/
		     (
		       REQ_SEQ				/*요청일련번호*/
		     , USER_ID				/*사용자아이디*/
		     , USER_IP				/*사용자아이피*/
		     , REQ_URI				/*요청경로*/
		     , REQ_PARAM			/*요청파라미터*/
		     , REQ_TYPE_CODE 		/*요청타입코드*/
		     )
		VALUES
			 (
			   (SELECT nextval('REQ_SEQ') FROM DUAL)	/*요청일련번호*/
			 , 'admin'						/*사용자아이디*/
			 , '192.168.8.205'						/*사용자아이디*/
			 , '/notice/selectNotice.do'								/*요청경로*/
			 , '{}'								/*요청파라미터*/
		     , 'notice' 							/*요청타입코드*/
			 )
 INFO 2023-01-27 09:55:20,005 [sf.log4jdbc.Slf4jSpyLogDelegator.sqlTimingOccured] INSERT INTO TB_LOG_REQ /*테이블_요청로그*/ ( REQ_SEQ /*요청일련번호*/ , USER_ID /*사용자아이디*/ , USER_IP /*사용자아이피*/ 
, REQ_URI /*요청경로*/ , REQ_PARAM /*요청파라미터*/ , REQ_TYPE_CODE /*요청타입코드*/ ) VALUES ( (SELECT nextval('REQ_SEQ') 
FROM DUAL) /*요청일련번호*/ , 'admin' /*사용자아이디*/ , '192.168.8.205' /*사용자아이디*/ , '/notice/selectNotice.do' 
/*요청경로*/ , '{}' /*요청파라미터*/ , 'notice' /*요청타입코드*/ )  {executed in 103 msec}
 INFO 2023-01-27 09:55:20,126 [sf.log4jdbc.Slf4jSpyLogDelegator.connectionClosed] 4. Connection closed
 INFO 2023-01-27 09:55:20,786 [sf.log4jdbc.Slf4jSpyLogDelegator.connectionOpened] 5. Connection opened
 INFO 2023-01-27 09:55:20,844 [log4jdbc.tools.Log4JdbcCustomFormatter.sqlOccured] SQL : SELECT BOARD_SEQ				/*게시글일련번호*/
		     , NOTICE_TITLE 			/*공지사항제목*/
		     , NOTICE_CN				/*공지사항내용*/
		     , NOTICE_STR_DT			/*공지사항게시시작일*/
		     , NOTICE_END_DT			/*공지사항게시종료일*/
		     , NOTICE_POP_YN			/*공지사항팝업여부*/
		     , NOTICE_CN				/*공지사항내용*/
		     , NOTICE_HIT				/*공지사항조회수*/
		     , FST_REG_ID 				/*최초등록자ID*/
		     , DATE_FORMAT(FST_REG_DTTI, "%Y/%m/%d %H:%i") FST_REG_DTTI	/*최초등록일시*/
		     , LT_UPD_ID 				/*최종수정자ID*/
		     , DATE_FORMAT(LT_UPD_DTTI, "%Y/%m/%d %H:%i") LT_UPD_DTTI	/*최종수정일시*/
		  FROM TB_BOARD_NOTICE			/*테이블_공지사항*/
		 ORDER BY NOTICE_STR_DT DESC;
 INFO 2023-01-27 09:55:20,894 [sf.log4jdbc.Slf4jSpyLogDelegator.sqlTimingOccured] SELECT BOARD_SEQ /*게시글일련번호*/ , NOTICE_TITLE /*공지사항제목*/ , NOTICE_CN /*공지사항내용*/ , NOTICE_STR_DT 
/*공지사항게시시작일*/ , NOTICE_END_DT /*공지사항게시종료일*/ , NOTICE_POP_YN /*공지사항팝업여부*/ , NOTICE_CN /*공지사항내용*/ 
, NOTICE_HIT /*공지사항조회수*/ , FST_REG_ID /*최초등록자ID*/ , DATE_FORMAT(FST_REG_DTTI, "%Y/%m/%d %H:%i") 
FST_REG_DTTI /*최초등록일시*/ , LT_UPD_ID /*최종수정자ID*/ , DATE_FORMAT(LT_UPD_DTTI, "%Y/%m/%d %H:%i") 
LT_UPD_DTTI /*최종수정일시*/ FROM TB_BOARD_NOTICE /*테이블_공지사항*/ ORDER BY NOTICE_STR_DT DESC;  {executed in 50 msec}
 INFO 2023-01-27 09:55:21,073 [sf.log4jdbc.Slf4jSpyLogDelegator.connectionClosed] 5. Connection closed
 INFO 2023-01-27 09:55:21,077 [framework.aop.ControllerAdvice.around] 요청 처리시간: 949
 INFO 2023-01-27 09:55:21,078 [framework.aop.ControllerAdvice.around] info.NoticeController.selectNotice(HttpServletRequest,HttpServletResponse)/0:0:0:0:0:0:0:1/{}
 INFO 2023-01-27 09:55:29,781 [framework.interceptor.RequestInterceptor.preHandle] ##################################RequestInterceptor 요청 URI: /common/ckUploadImage.do
 INFO 2023-01-27 09:55:30,416 [sf.log4jdbc.Slf4jSpyLogDelegator.connectionOpened] 6. Connection opened
 INFO 2023-01-27 09:55:30,456 [log4jdbc.tools.Log4JdbcCustomFormatter.sqlOccured] SQL : INSERT 
		  INTO TB_LOG_REQ			/*테이블_요청로그*/
		     (
		       REQ_SEQ				/*요청일련번호*/
		     , USER_ID				/*사용자아이디*/
		     , USER_IP				/*사용자아이피*/
		     , REQ_URI				/*요청경로*/
		     , REQ_PARAM			/*요청파라미터*/
		     , REQ_TYPE_CODE 		/*요청타입코드*/
		     )
		VALUES
			 (
			   (SELECT nextval('REQ_SEQ') FROM DUAL)	/*요청일련번호*/
			 , 'admin'						/*사용자아이디*/
			 , '192.168.8.205'						/*사용자아이디*/
			 , '/common/ckUploadImage.do'								/*요청경로*/
			 , '{}'								/*요청파라미터*/
		     , 'common' 							/*요청타입코드*/
			 )
 INFO 2023-01-27 09:55:30,524 [sf.log4jdbc.Slf4jSpyLogDelegator.sqlTimingOccured] INSERT INTO TB_LOG_REQ /*테이블_요청로그*/ ( REQ_SEQ /*요청일련번호*/ , USER_ID /*사용자아이디*/ , USER_IP /*사용자아이피*/ 
, REQ_URI /*요청경로*/ , REQ_PARAM /*요청파라미터*/ , REQ_TYPE_CODE /*요청타입코드*/ ) VALUES ( (SELECT nextval('REQ_SEQ') 
FROM DUAL) /*요청일련번호*/ , 'admin' /*사용자아이디*/ , '192.168.8.205' /*사용자아이디*/ , '/common/ckUploadImage.do' 
/*요청경로*/ , '{}' /*요청파라미터*/ , 'common' /*요청타입코드*/ )  {executed in 68 msec}
 INFO 2023-01-27 09:55:30,635 [sf.log4jdbc.Slf4jSpyLogDelegator.connectionClosed] 6. Connection closed
 INFO 2023-01-27 09:55:30,658 [framework.aop.ControllerAdvice.around] 요청 처리시간: 22
 INFO 2023-01-27 09:55:30,659 [framework.aop.ControllerAdvice.around] com.CommonController.ckUploadImage(MultipartHttpServletRequest,HttpServletResponse)/0:0:0:0:0:0:0:1/{}
