 INFO 2023-01-27 11:26:00,761 [controller.com.ScheduleController.scheduleSample] 스케줄러 실행 확인
 INFO 2023-01-27 11:26:00,786 [framework.aop.ControllerAdvice.around] 요청 처리시간: 36
 INFO 2023-01-27 11:26:00,786 [framework.aop.ControllerAdvice.around] com.ScheduleController.scheduleSample()/request not found
 INFO 2023-01-27 11:26:22,276 [framework.interceptor.RequestInterceptor.preHandle] ##################################RequestInterceptor 요청 URI: /common/ckUploadImage.do
 INFO 2023-01-27 11:26:22,803 [sf.log4jdbc.Slf4jSpyLogDelegator.connectionOpened] 6. Connection opened
 INFO 2023-01-27 11:26:22,841 [log4jdbc.tools.Log4JdbcCustomFormatter.sqlOccured] SQL : INSERT 
		  INTO TB_LOG_REQ			/*테이블_요청로그*/
		     (
		       REQ_SEQ				/*요청일련번호*/
		     , USER_ID				/*사용자아이디*/
		     , USER_IP				/*사용자아이피*/
		     , REQ_URI				/*요청경로*/
		     , REQ_PARAM			/*요청파라미터*/
		     , REQ_TYPE_CODE 		/*요청타입코드*/
		     )
		VALUES
			 (
			   (SELECT nextval('REQ_SEQ') FROM DUAL)	/*요청일련번호*/
			 , 'admin'						/*사용자아이디*/
			 , '192.168.8.205'						/*사용자아이디*/
			 , '/common/ckUploadImage.do'								/*요청경로*/
			 , '{}'								/*요청파라미터*/
		     , 'common' 							/*요청타입코드*/
			 )
 INFO 2023-01-27 11:26:23,005 [sf.log4jdbc.Slf4jSpyLogDelegator.sqlTimingOccured] INSERT INTO TB_LOG_REQ /*테이블_요청로그*/ ( REQ_SEQ /*요청일련번호*/ , USER_ID /*사용자아이디*/ , USER_IP /*사용자아이피*/ 
, REQ_URI /*요청경로*/ , REQ_PARAM /*요청파라미터*/ , REQ_TYPE_CODE /*요청타입코드*/ ) VALUES ( (SELECT nextval('REQ_SEQ') 
FROM DUAL) /*요청일련번호*/ , 'admin' /*사용자아이디*/ , '192.168.8.205' /*사용자아이디*/ , '/common/ckUploadImage.do' 
/*요청경로*/ , '{}' /*요청파라미터*/ , 'common' /*요청타입코드*/ )  {executed in 154 msec}
 INFO 2023-01-27 11:26:23,100 [sf.log4jdbc.Slf4jSpyLogDelegator.connectionClosed] 6. Connection closed
 INFO 2023-01-27 11:26:49,874 [web.servlet.FrameworkServlet.initServletBean] Initializing Servlet 'dispatcherServlet'
 INFO 2023-01-27 11:26:54,942 [tiles.access.TilesAccess.setContainer] Publishing TilesContext for context: org.springframework.web.servlet.view.tiles3.SpringWildcardServletTilesApplicationContext
 INFO 2023-01-27 11:26:55,023 [scheduling.annotation.ScheduledAnnotationBeanPostProcessor.finishRegistration] No TaskScheduler/ScheduledExecutorService bean found for scheduled processing
 INFO 2023-01-27 11:26:55,057 [web.servlet.FrameworkServlet.initServletBean] Completed initialization in 5169 ms
 INFO 2023-01-27 11:26:55,324 [framework.aop.ControllerAdvice.around] 요청 처리시간: 185
 INFO 2023-01-27 11:26:55,325 [framework.aop.ControllerAdvice.around] com.PageController.root(HttpServletRequest,HttpServletResponse)/127.0.0.1/{}
