 INFO 2023-01-27 02:13:00,207 [framework.interceptor.RequestInterceptor.preHandle] ##################################RequestInterceptor 요청 URI: /info/notice
 INFO 2023-01-27 02:13:06,273 [sf.log4jdbc.Slf4jSpyLogDelegator.connectionOpened] 45. Connection opened
 INFO 2023-01-27 02:13:06,312 [log4jdbc.tools.Log4JdbcCustomFormatter.sqlOccured] SQL : INSERT 
		  INTO TB_LOG_REQ			/*테이블_요청로그*/
		     (
		       REQ_SEQ				/*요청일련번호*/
		     , USER_ID				/*사용자아이디*/
		     , USER_IP				/*사용자아이피*/
		     , REQ_URI				/*요청경로*/
		     , REQ_PARAM			/*요청파라미터*/
		     , REQ_TYPE_CODE 		/*요청타입코드*/
		     )
		VALUES
			 (
			   (SELECT nextval('REQ_SEQ') FROM DUAL)	/*요청일련번호*/
			 , 'admin'						/*사용자아이디*/
			 , '192.168.8.205'						/*사용자아이디*/
			 , '/info/notice'								/*요청경로*/
			 , '{}'								/*요청파라미터*/
		     , 'info' 							/*요청타입코드*/
			 )
 INFO 2023-01-27 02:13:06,519 [sf.log4jdbc.Slf4jSpyLogDelegator.sqlTimingOccured] INSERT INTO TB_LOG_REQ /*테이블_요청로그*/ ( REQ_SEQ /*요청일련번호*/ , USER_ID /*사용자아이디*/ , USER_IP /*사용자아이피*/ 
, REQ_URI /*요청경로*/ , REQ_PARAM /*요청파라미터*/ , REQ_TYPE_CODE /*요청타입코드*/ ) VALUES ( (SELECT nextval('REQ_SEQ') 
FROM DUAL) /*요청일련번호*/ , 'admin' /*사용자아이디*/ , '192.168.8.205' /*사용자아이디*/ , '/info/notice' /*요청경로*/ 
, '{}' /*요청파라미터*/ , 'info' /*요청타입코드*/ )  {executed in 206 msec}
 INFO 2023-01-27 02:13:06,635 [sf.log4jdbc.Slf4jSpyLogDelegator.connectionClosed] 45. Connection closed
 INFO 2023-01-27 02:13:07,088 [sf.log4jdbc.Slf4jSpyLogDelegator.connectionOpened] 46. Connection opened
 INFO 2023-01-27 02:13:07,208 [sf.log4jdbc.Slf4jSpyLogDelegator.connectionClosed] 46. Connection closed
 INFO 2023-01-27 02:13:07,647 [sf.log4jdbc.Slf4jSpyLogDelegator.connectionOpened] 47. Connection opened
 INFO 2023-01-27 02:13:07,688 [log4jdbc.tools.Log4JdbcCustomFormatter.sqlOccured] SQL : SELECT T2.MNU_NM AS MNU_UPPER_NM				/*상위메뉴명*/
			,  T1.MNU_NM						/*메뉴명*/
			,  T1.MNU_INFO						/*메뉴정보*/
			,  T1.MNU_URL						/*메뉴경로*/
			,  T1.MNU_TOP_URL					/*최상위메뉴경로*/
		  FROM TB_MNU T1						/*테이블_메뉴*/
		  JOIN TB_MNU T2						/*테이블_메뉴*/
		    ON T1.MNU_UPPER_URL = T2.MNU_URL
		 WHERE T1.MNU_URL LIKE CONCAT('info/notice','%')
 INFO 2023-01-27 02:13:07,714 [sf.log4jdbc.Slf4jSpyLogDelegator.sqlTimingOccured] SELECT T2.MNU_NM AS MNU_UPPER_NM /*상위메뉴명*/ , T1.MNU_NM /*메뉴명*/ , T1.MNU_INFO /*메뉴정보*/ , T1.MNU_URL 
/*메뉴경로*/ , T1.MNU_TOP_URL /*최상위메뉴경로*/ FROM TB_MNU T1 /*테이블_메뉴*/ JOIN TB_MNU T2 /*테이블_메뉴*/ ON 
T1.MNU_UPPER_URL = T2.MNU_URL WHERE T1.MNU_URL LIKE CONCAT('info/notice','%')  {executed in 26 msec}
 INFO 2023-01-27 02:13:07,807 [sf.log4jdbc.Slf4jSpyLogDelegator.connectionClosed] 47. Connection closed
 INFO 2023-01-27 02:13:07,808 [framework.aop.ControllerAdvice.around] 요청 처리시간: 1172
 INFO 2023-01-27 02:13:07,808 [framework.aop.ControllerAdvice.around] com.PageController.pageController(HttpServletRequest,HttpServletResponse,String,String)/0:0:0:0:0:0:0:1/{}
 INFO 2023-01-27 02:13:09,672 [framework.interceptor.RequestInterceptor.preHandle] ##################################RequestInterceptor 요청 URI: /notice/selectNotice.do
 INFO 2023-01-27 02:13:10,066 [sf.log4jdbc.Slf4jSpyLogDelegator.connectionOpened] 48. Connection opened
 INFO 2023-01-27 02:13:10,110 [log4jdbc.tools.Log4JdbcCustomFormatter.sqlOccured] SQL : INSERT 
		  INTO TB_LOG_REQ			/*테이블_요청로그*/
		     (
		       REQ_SEQ				/*요청일련번호*/
		     , USER_ID				/*사용자아이디*/
		     , USER_IP				/*사용자아이피*/
		     , REQ_URI				/*요청경로*/
		     , REQ_PARAM			/*요청파라미터*/
		     , REQ_TYPE_CODE 		/*요청타입코드*/
		     )
		VALUES
			 (
			   (SELECT nextval('REQ_SEQ') FROM DUAL)	/*요청일련번호*/
			 , 'admin'						/*사용자아이디*/
			 , '192.168.8.205'						/*사용자아이디*/
			 , '/notice/selectNotice.do'								/*요청경로*/
			 , '{}'								/*요청파라미터*/
		     , 'notice' 							/*요청타입코드*/
			 )
 INFO 2023-01-27 02:13:10,177 [sf.log4jdbc.Slf4jSpyLogDelegator.sqlTimingOccured] INSERT INTO TB_LOG_REQ /*테이블_요청로그*/ ( REQ_SEQ /*요청일련번호*/ , USER_ID /*사용자아이디*/ , USER_IP /*사용자아이피*/ 
, REQ_URI /*요청경로*/ , REQ_PARAM /*요청파라미터*/ , REQ_TYPE_CODE /*요청타입코드*/ ) VALUES ( (SELECT nextval('REQ_SEQ') 
FROM DUAL) /*요청일련번호*/ , 'admin' /*사용자아이디*/ , '192.168.8.205' /*사용자아이디*/ , '/notice/selectNotice.do' 
/*요청경로*/ , '{}' /*요청파라미터*/ , 'notice' /*요청타입코드*/ )  {executed in 64 msec}
 INFO 2023-01-27 02:13:10,269 [sf.log4jdbc.Slf4jSpyLogDelegator.connectionClosed] 48. Connection closed
 INFO 2023-01-27 02:13:10,687 [sf.log4jdbc.Slf4jSpyLogDelegator.connectionOpened] 49. Connection opened
 INFO 2023-01-27 02:13:10,727 [log4jdbc.tools.Log4JdbcCustomFormatter.sqlOccured] SQL : SELECT BOARD_SEQ				/*게시글일련번호*/
		     , NOTICE_TITLE 			/*공지사항제목*/
		     , NOTICE_CN				/*공지사항내용*/
		     , NOTICE_STR_DT			/*공지사항게시시작일*/
		     , NOTICE_END_DT			/*공지사항게시종료일*/
		     , NOTICE_POP_YN			/*공지사항팝업여부*/
		     , NOTICE_CN				/*공지사항내용*/
		     , NOTICE_HIT				/*공지사항조회수*/
		     , FST_REG_ID 				/*최초등록자ID*/
		     , DATE_FORMAT(FST_REG_DTTI, "%Y/%m/%d %H:%i") FST_REG_DTTI	/*최초등록일시*/
		     , LT_UPD_ID 				/*최종수정자ID*/
		     , DATE_FORMAT(LT_UPD_DTTI, "%Y/%m/%d %H:%i") LT_UPD_DTTI	/*최종수정일시*/
		  FROM TB_BOARD_NOTICE			/*테이블_공지사항*/
		 ORDER BY NOTICE_STR_DT DESC;
 INFO 2023-01-27 02:13:10,760 [sf.log4jdbc.Slf4jSpyLogDelegator.sqlTimingOccured] SELECT BOARD_SEQ /*게시글일련번호*/ , NOTICE_TITLE /*공지사항제목*/ , NOTICE_CN /*공지사항내용*/ , NOTICE_STR_DT 
/*공지사항게시시작일*/ , NOTICE_END_DT /*공지사항게시종료일*/ , NOTICE_POP_YN /*공지사항팝업여부*/ , NOTICE_CN /*공지사항내용*/ 
, NOTICE_HIT /*공지사항조회수*/ , FST_REG_ID /*최초등록자ID*/ , DATE_FORMAT(FST_REG_DTTI, "%Y/%m/%d %H:%i") 
FST_REG_DTTI /*최초등록일시*/ , LT_UPD_ID /*최종수정자ID*/ , DATE_FORMAT(LT_UPD_DTTI, "%Y/%m/%d %H:%i") 
LT_UPD_DTTI /*최종수정일시*/ FROM TB_BOARD_NOTICE /*테이블_공지사항*/ ORDER BY NOTICE_STR_DT DESC;  {executed in 33 msec}
 INFO 2023-01-27 02:13:10,892 [sf.log4jdbc.Slf4jSpyLogDelegator.connectionClosed] 49. Connection closed
 INFO 2023-01-27 02:13:10,893 [framework.aop.ControllerAdvice.around] 요청 처리시간: 624
 INFO 2023-01-27 02:13:10,893 [framework.aop.ControllerAdvice.around] info.NoticeController.selectNotice(HttpServletRequest,HttpServletResponse)/0:0:0:0:0:0:0:1/{}
 INFO 2023-01-27 02:13:54,796 [framework.interceptor.RequestInterceptor.preHandle] ##################################RequestInterceptor 요청 URI: /info/notice
 INFO 2023-01-27 02:13:55,237 [sf.log4jdbc.Slf4jSpyLogDelegator.connectionOpened] 50. Connection opened
 INFO 2023-01-27 02:13:55,331 [log4jdbc.tools.Log4JdbcCustomFormatter.sqlOccured] SQL : INSERT 
		  INTO TB_LOG_REQ			/*테이블_요청로그*/
		     (
		       REQ_SEQ				/*요청일련번호*/
		     , USER_ID				/*사용자아이디*/
		     , USER_IP				/*사용자아이피*/
		     , REQ_URI				/*요청경로*/
		     , REQ_PARAM			/*요청파라미터*/
		     , REQ_TYPE_CODE 		/*요청타입코드*/
		     )
		VALUES
			 (
			   (SELECT nextval('REQ_SEQ') FROM DUAL)	/*요청일련번호*/
			 , 'admin'						/*사용자아이디*/
			 , '192.168.8.205'						/*사용자아이디*/
			 , '/info/notice'								/*요청경로*/
			 , '{}'								/*요청파라미터*/
		     , 'info' 							/*요청타입코드*/
			 )
 INFO 2023-01-27 02:13:55,461 [sf.log4jdbc.Slf4jSpyLogDelegator.sqlTimingOccured] INSERT INTO TB_LOG_REQ /*테이블_요청로그*/ ( REQ_SEQ /*요청일련번호*/ , USER_ID /*사용자아이디*/ , USER_IP /*사용자아이피*/ 
, REQ_URI /*요청경로*/ , REQ_PARAM /*요청파라미터*/ , REQ_TYPE_CODE /*요청타입코드*/ ) VALUES ( (SELECT nextval('REQ_SEQ') 
FROM DUAL) /*요청일련번호*/ , 'admin' /*사용자아이디*/ , '192.168.8.205' /*사용자아이디*/ , '/info/notice' /*요청경로*/ 
, '{}' /*요청파라미터*/ , 'info' /*요청타입코드*/ )  {executed in 130 msec}
 INFO 2023-01-27 02:13:55,569 [sf.log4jdbc.Slf4jSpyLogDelegator.connectionClosed] 50. Connection closed
 INFO 2023-01-27 02:13:56,113 [sf.log4jdbc.Slf4jSpyLogDelegator.connectionOpened] 51. Connection opened
 INFO 2023-01-27 02:13:56,248 [sf.log4jdbc.Slf4jSpyLogDelegator.connectionClosed] 51. Connection closed
 INFO 2023-01-27 02:13:56,839 [sf.log4jdbc.Slf4jSpyLogDelegator.connectionOpened] 52. Connection opened
 INFO 2023-01-27 02:13:56,887 [log4jdbc.tools.Log4JdbcCustomFormatter.sqlOccured] SQL : SELECT T2.MNU_NM AS MNU_UPPER_NM				/*상위메뉴명*/
			,  T1.MNU_NM						/*메뉴명*/
			,  T1.MNU_INFO						/*메뉴정보*/
			,  T1.MNU_URL						/*메뉴경로*/
			,  T1.MNU_TOP_URL					/*최상위메뉴경로*/
		  FROM TB_MNU T1						/*테이블_메뉴*/
		  JOIN TB_MNU T2						/*테이블_메뉴*/
		    ON T1.MNU_UPPER_URL = T2.MNU_URL
		 WHERE T1.MNU_URL LIKE CONCAT('info/notice','%')
 INFO 2023-01-27 02:13:56,928 [sf.log4jdbc.Slf4jSpyLogDelegator.sqlTimingOccured] SELECT T2.MNU_NM AS MNU_UPPER_NM /*상위메뉴명*/ , T1.MNU_NM /*메뉴명*/ , T1.MNU_INFO /*메뉴정보*/ , T1.MNU_URL 
/*메뉴경로*/ , T1.MNU_TOP_URL /*최상위메뉴경로*/ FROM TB_MNU T1 /*테이블_메뉴*/ JOIN TB_MNU T2 /*테이블_메뉴*/ ON 
T1.MNU_UPPER_URL = T2.MNU_URL WHERE T1.MNU_URL LIKE CONCAT('info/notice','%')  {executed in 41 msec}
 INFO 2023-01-27 02:13:57,008 [sf.log4jdbc.Slf4jSpyLogDelegator.connectionClosed] 52. Connection closed
 INFO 2023-01-27 02:13:57,008 [framework.aop.ControllerAdvice.around] 요청 처리시간: 1438
 INFO 2023-01-27 02:13:57,008 [framework.aop.ControllerAdvice.around] com.PageController.pageController(HttpServletRequest,HttpServletResponse,String,String)/0:0:0:0:0:0:0:1/{}
 INFO 2023-01-27 02:13:58,090 [framework.interceptor.RequestInterceptor.preHandle] ##################################RequestInterceptor 요청 URI: /notice/selectNotice.do
