 INFO 2023-01-26 05:32:01,045 [sf.log4jdbc.Slf4jSpyLogDelegator.connectionOpened] 1. Connection opened
 INFO 2023-01-26 05:32:01,447 [log4jdbc.tools.Log4JdbcCustomFormatter.sqlOccured] SQL : INSERT 
		  INTO TB_LOG_REQ			/*테이블_요청로그*/
		     (
		       REQ_SEQ				/*요청일련번호*/
		     , USER_ID				/*사용자아이디*/
		     , USER_IP				/*사용자아이피*/
		     , REQ_URI				/*요청경로*/
		     , REQ_PARAM			/*요청파라미터*/
		     , REQ_TYPE_CODE 		/*요청타입코드*/
		     )
		VALUES
			 (
			   (SELECT nextval('REQ_SEQ') FROM DUAL)	/*요청일련번호*/
			 , NULL						/*사용자아이디*/
			 , '192.168.8.205'						/*사용자아이디*/
			 , '/notice/selectNotice.do'								/*요청경로*/
			 , '{}'								/*요청파라미터*/
		     , 'notice' 							/*요청타입코드*/
			 )
 INFO 2023-01-26 05:32:01,641 [sf.log4jdbc.Slf4jSpyLogDelegator.sqlTimingOccured] INSERT INTO TB_LOG_REQ /*테이블_요청로그*/ ( REQ_SEQ /*요청일련번호*/ , USER_ID /*사용자아이디*/ , USER_IP /*사용자아이피*/ 
, REQ_URI /*요청경로*/ , REQ_PARAM /*요청파라미터*/ , REQ_TYPE_CODE /*요청타입코드*/ ) VALUES ( (SELECT nextval('REQ_SEQ') 
FROM DUAL) /*요청일련번호*/ , NULL /*사용자아이디*/ , '192.168.8.205' /*사용자아이디*/ , '/notice/selectNotice.do' 
/*요청경로*/ , '{}' /*요청파라미터*/ , 'notice' /*요청타입코드*/ )  {executed in 192 msec}
 INFO 2023-01-26 05:32:01,758 [sf.log4jdbc.Slf4jSpyLogDelegator.connectionClosed] 1. Connection closed
 INFO 2023-01-26 05:32:02,216 [sf.log4jdbc.Slf4jSpyLogDelegator.connectionOpened] 2. Connection opened
 INFO 2023-01-26 05:32:02,277 [log4jdbc.tools.Log4JdbcCustomFormatter.sqlOccured] SQL : SELECT BOARD_SEQ				/*게시글일련번호*/
		     , NOTICE_TITLE 			/*공지사항제목*/
		     , NOTICE_CN				/*공지사항내용*/
		     , NOTICE_STR_DT			/*공지사항게시시작일*/
		     , NOTICE_END_DT			/*공지사항게시종료일*/
		     , NOTICE_POP_YN			/*공지사항팝업여부*/
		     , NOTICE_CN				/*공지사항내용*/
		     , NOTICE_HIT				/*공지사항조회수*/
		     , FST_REG_ID 				/*최초등록자ID*/
		     , DATE_FORMAT(FST_REG_DTTI, "%Y/%m/%d %H:%i") FST_REG_DTTI	/*최초등록일시*/
		     , LT_UPD_ID 				/*최종수정자ID*/
		     , DATE_FORMAT(LT_UPD_DTTI, "%Y/%m/%d %H:%i") LT_UPD_DTTI	/*최종수정일시*/
		  FROM TB_BOARD_NOTICE			/*테이블_공지사항*/
		 ORDER BY NOTICE_STR_DT DESC;
 INFO 2023-01-26 05:32:02,365 [sf.log4jdbc.Slf4jSpyLogDelegator.sqlTimingOccured] SELECT BOARD_SEQ /*게시글일련번호*/ , NOTICE_TITLE /*공지사항제목*/ , NOTICE_CN /*공지사항내용*/ , NOTICE_STR_DT 
/*공지사항게시시작일*/ , NOTICE_END_DT /*공지사항게시종료일*/ , NOTICE_POP_YN /*공지사항팝업여부*/ , NOTICE_CN /*공지사항내용*/ 
, NOTICE_HIT /*공지사항조회수*/ , FST_REG_ID /*최초등록자ID*/ , DATE_FORMAT(FST_REG_DTTI, "%Y/%m/%d %H:%i") 
FST_REG_DTTI /*최초등록일시*/ , LT_UPD_ID /*최종수정자ID*/ , DATE_FORMAT(LT_UPD_DTTI, "%Y/%m/%d %H:%i") 
LT_UPD_DTTI /*최종수정일시*/ FROM TB_BOARD_NOTICE /*테이블_공지사항*/ ORDER BY NOTICE_STR_DT DESC;  {executed in 87 msec}
 INFO 2023-01-26 05:32:02,578 [sf.log4jdbc.Slf4jSpyLogDelegator.connectionClosed] 2. Connection closed
 INFO 2023-01-26 05:32:02,589 [framework.aop.ControllerAdvice.around] 요청 처리시간: 828
 INFO 2023-01-26 05:32:02,589 [framework.aop.ControllerAdvice.around] info.NoticeController.selectNotice(HttpServletRequest,HttpServletResponse)/0:0:0:0:0:0:0:1/{}
 INFO 2023-01-26 05:32:07,974 [controller.com.ScheduleController.scheduleSample] 스케줄러 실행 확인
 INFO 2023-01-26 05:32:07,975 [framework.aop.ControllerAdvice.around] 요청 처리시간: 5
 INFO 2023-01-26 05:32:07,975 [framework.aop.ControllerAdvice.around] com.ScheduleController.scheduleSample()/request not found
 INFO 2023-01-26 05:32:10,622 [framework.interceptor.RequestInterceptor.preHandle] ##################################RequestInterceptor 요청 URI: /common/ckUploadImage.do
 INFO 2023-01-26 05:32:10,623 [framework.util.RequestUtil.getIpAddr] > IP Address : 192.168.8.205
 INFO 2023-01-26 05:32:11,310 [sf.log4jdbc.Slf4jSpyLogDelegator.connectionOpened] 3. Connection opened
 INFO 2023-01-26 05:32:11,348 [log4jdbc.tools.Log4JdbcCustomFormatter.sqlOccured] SQL : INSERT 
		  INTO TB_LOG_REQ			/*테이블_요청로그*/
		     (
		       REQ_SEQ				/*요청일련번호*/
		     , USER_ID				/*사용자아이디*/
		     , USER_IP				/*사용자아이피*/
		     , REQ_URI				/*요청경로*/
		     , REQ_PARAM			/*요청파라미터*/
		     , REQ_TYPE_CODE 		/*요청타입코드*/
		     )
		VALUES
			 (
			   (SELECT nextval('REQ_SEQ') FROM DUAL)	/*요청일련번호*/
			 , NULL						/*사용자아이디*/
			 , '192.168.8.205'						/*사용자아이디*/
			 , '/common/ckUploadImage.do'								/*요청경로*/
			 , '{}'								/*요청파라미터*/
		     , 'common' 							/*요청타입코드*/
			 )
 INFO 2023-01-26 05:32:11,456 [sf.log4jdbc.Slf4jSpyLogDelegator.sqlTimingOccured] INSERT INTO TB_LOG_REQ /*테이블_요청로그*/ ( REQ_SEQ /*요청일련번호*/ , USER_ID /*사용자아이디*/ , USER_IP /*사용자아이피*/ 
, REQ_URI /*요청경로*/ , REQ_PARAM /*요청파라미터*/ , REQ_TYPE_CODE /*요청타입코드*/ ) VALUES ( (SELECT nextval('REQ_SEQ') 
FROM DUAL) /*요청일련번호*/ , NULL /*사용자아이디*/ , '192.168.8.205' /*사용자아이디*/ , '/common/ckUploadImage.do' 
/*요청경로*/ , '{}' /*요청파라미터*/ , 'common' /*요청타입코드*/ )  {executed in 108 msec}
 INFO 2023-01-26 05:32:11,536 [sf.log4jdbc.Slf4jSpyLogDelegator.connectionClosed] 3. Connection closed
 INFO 2023-01-26 05:32:11,556 [framework.aop.ControllerAdvice.around] 요청 처리시간: 19
 INFO 2023-01-26 05:32:11,557 [framework.aop.ControllerAdvice.around] com.CommonController.ckUploadImage(MultipartHttpServletRequest,HttpServletResponse)/0:0:0:0:0:0:0:1/{}
 INFO 2023-01-26 05:32:56,752 [tiles.access.TilesAccess.setContainer] Removing TilesContext for context: org.springframework.web.servlet.view.tiles3.SpringWildcardServletTilesApplicationContext
