 INFO 2023-01-27 08:52:55,939 [framework.interceptor.RequestInterceptor.preHandle] ##################################RequestInterceptor 요청 URI: /info/notice
 INFO 2023-01-27 08:52:55,952 [framework.util.RequestUtil.getIpAddr] > IP Address : 192.168.8.205
 INFO 2023-01-27 08:52:57,265 [sf.log4jdbc.Slf4jSpyLogDelegator.connectionOpened] 1. Connection opened
 INFO 2023-01-27 08:52:57,423 [log4jdbc.tools.Log4JdbcCustomFormatter.sqlOccured] SQL : INSERT 
		  INTO TB_LOG_REQ			/*테이블_요청로그*/
		     (
		       REQ_SEQ				/*요청일련번호*/
		     , USER_ID				/*사용자아이디*/
		     , USER_IP				/*사용자아이피*/
		     , REQ_URI				/*요청경로*/
		     , REQ_PARAM			/*요청파라미터*/
		     , REQ_TYPE_CODE 		/*요청타입코드*/
		     )
		VALUES
			 (
			   (SELECT nextval('REQ_SEQ') FROM DUAL)	/*요청일련번호*/
			 , NULL						/*사용자아이디*/
			 , '192.168.8.205'						/*사용자아이디*/
			 , '/info/notice'								/*요청경로*/
			 , '{}'								/*요청파라미터*/
		     , 'info' 							/*요청타입코드*/
			 )
 INFO 2023-01-27 08:52:57,614 [sf.log4jdbc.Slf4jSpyLogDelegator.sqlTimingOccured] INSERT INTO TB_LOG_REQ /*테이블_요청로그*/ ( REQ_SEQ /*요청일련번호*/ , USER_ID /*사용자아이디*/ , USER_IP /*사용자아이피*/ 
, REQ_URI /*요청경로*/ , REQ_PARAM /*요청파라미터*/ , REQ_TYPE_CODE /*요청타입코드*/ ) VALUES ( (SELECT nextval('REQ_SEQ') 
FROM DUAL) /*요청일련번호*/ , NULL /*사용자아이디*/ , '192.168.8.205' /*사용자아이디*/ , '/info/notice' /*요청경로*/ 
, '{}' /*요청파라미터*/ , 'info' /*요청타입코드*/ )  {executed in 190 msec}
 INFO 2023-01-27 08:52:57,664 [sf.log4jdbc.Slf4jSpyLogDelegator.connectionClosed] 1. Connection closed
 INFO 2023-01-27 08:52:57,686 [framework.aop.ControllerAdvice.around] 요청 처리시간: 0
 INFO 2023-01-27 08:52:57,687 [framework.aop.ControllerAdvice.around] com.PageController.pageController(HttpServletRequest,HttpServletResponse,String,String)/0:0:0:0:0:0:0:1/{}
